<?xml version="1.0" encoding="UTF-8"?>
<testng-results ignored="0" total="1" passed="1" failed="0" skipped="0">
  <reporter-output>
  </reporter-output>
  <suite started-at="2023-07-13T14:52:57Z" name="Default suite" finished-at="2023-07-13T14:52:57Z" duration-ms="323">
    <groups>
    </groups>
    <test started-at="2023-07-13T14:52:57Z" name="Default test" finished-at="2023-07-13T14:52:57Z" duration-ms="323">
      <class name="git.PRACTEST">
        <test-method signature="m2Test()[pri:0, instance:git.PRACTEST@7ceb3185]" started-at="2023-07-13T14:52:57Z" name="m2Test" finished-at="2023-07-13T14:52:57Z" duration-ms="111" status="PASS">
          <reporter-output>
          </reporter-output>
        </test-method> <!-- m2Test -->
      </class> <!-- git.PRACTEST -->
    </test> <!-- Default test -->
  </suite> <!-- Default suite -->
</testng-results>
